<?xml version="1.0" encoding="UTF-8"?>
<!-- Generated by org.testng.reporters.JUnitXMLReporter -->
<testsuite ignored="2" hostname="Abhishek" failures="0" tests="6" name="TestRunner-Chrome" time="77.911" errors="0" timestamp="2024-08-05T10:43:05 IST">
  <testcase classname="com.comcast.crm.org_TestNGAnnotation_Test.CreateOrganization_Annotation_Test" name="createOrgWithIndustry" time="7.592"/>
  <testcase classname="com.comcast.crm.org_TestNGAnnotation_Test.CreateOrganization_Annotation_Test" name="createOrganization" time="7.268"/>
  <testcase classname="com.comcast.crm.org_TestNGAnnotation_Test.CreateOrganization_Annotation_Test" name="createOrganizationWithPhoneNumber" time="7.248"/>
  <testcase classname="com.comcast.crm.contact_TestNGAnnotation_Test.CreateContactTest" name="createContact" time="9.135"/>
  <testcase classname="com.comcast.crm.contact_TestNGAnnotation_Test.CreateContactTest" name="createContactWithOrgTest" time="14.585"/>
  <testcase classname="com.comcast.crm.contact_TestNGAnnotation_Test.CreateContactTest" name="createContactWithSupportDate" time="9.718"/>
  <testcase classname="com.comcast.crm.baseClassUtility.BaseClass" name="@BeforeSuite configBS" time="0.0">
    <ignored/>
  </testcase> <!-- @BeforeSuite configBS -->
  <testcase classname="com.comcast.crm.baseClassUtility.BaseClass" name="@AfterSuite configAS" time="0.0">
    <ignored/>
  </testcase> <!-- @AfterSuite configAS -->
</testsuite> <!-- TestRunner-Chrome -->
