<?xml version="1.0" encoding="UTF-8"?>
<!-- Generated by org.testng.reporters.JUnitXMLReporter -->
<testsuite ignored="2" hostname="Abhishek" failures="0" tests="6" name="TestRunner-Firefox" time="88.585" errors="0" timestamp="2024-08-05T10:43:16 IST">
  <testcase classname="com.comcast.crm.org_TestNGAnnotation_Test.CreateOrganization_Annotation_Test" name="createOrgWithIndustry" time="7.717"/>
  <testcase classname="com.comcast.crm.org_TestNGAnnotation_Test.CreateOrganization_Annotation_Test" name="createOrganization" time="7.363"/>
  <testcase classname="com.comcast.crm.org_TestNGAnnotation_Test.CreateOrganization_Annotation_Test" name="createOrganizationWithPhoneNumber" time="8.485"/>
  <testcase classname="com.comcast.crm.contact_TestNGAnnotation_Test.CreateContactTest" name="createContact" time="9.647"/>
  <testcase classname="com.comcast.crm.contact_TestNGAnnotation_Test.CreateContactTest" name="createContactWithOrgTest" time="15.675"/>
  <testcase classname="com.comcast.crm.contact_TestNGAnnotation_Test.CreateContactTest" name="createContactWithSupportDate" time="7.979"/>
  <testcase classname="com.comcast.crm.baseClassUtility.BaseClass" name="@BeforeSuite configBS" time="0.0">
    <ignored/>
  </testcase> <!-- @BeforeSuite configBS -->
  <testcase classname="com.comcast.crm.baseClassUtility.BaseClass" name="@AfterSuite configAS" time="0.0">
    <ignored/>
  </testcase> <!-- @AfterSuite configAS -->
</testsuite> <!-- TestRunner-Firefox -->
