<?xml version="1.0" encoding="UTF-8"?>
<!-- Generated by org.testng.reporters.JUnitXMLReporter -->
<testsuite ignored="0" hostname="Abhishek" failures="1" tests="2" name="Test" time="27.155" errors="0" timestamp="2024-08-10T12:25:22 IST">
  <testcase classname="practice_Listener.InvoiceTest" name="createInvoiceTest" time="0.022">
    <failure type="java.lang.AssertionError" message="expected [Login] but found [vtiger CRM 5 - Commercial Open Source CRM]">
      <![CDATA[java.lang.AssertionError: expected [Login] but found [vtiger CRM 5 - Commercial Open Source CRM]
at practice_Listener.InvoiceTest.createInvoiceTest(InvoiceTest.java:16)
at java.base/java.util.ArrayList.forEach(ArrayList.java:1511)
... Removed 31 stack frames]]>
    </failure>
  </testcase> <!-- createInvoiceTest -->
  <testcase classname="practice_Listener.InvoiceTest" name="createInvoiceWithContactTest" time="0.002"/>
</testsuite> <!-- Test -->
